

********************     25 February 2020 10:53     ********************
AcyMailing Triggered at 25 February 2020 11:52
70 messages processed: 70 successful, 0 failed
---- Details ----
[ ID 21] Message Transcribathon Relaunch successfully sent to koenig.daniel81@web.de
[ ID 21] Message Transcribathon Relaunch successfully sent to avivawestheim@gmail.com
[ ID 21] Message Transcribathon Relaunch successfully sent to john.b.howard@ucd.ie
[ ID 21] Message Transcribathon Relaunch successfully sent to p.clarke@ucd.ie
[ ID 21] Message Transcribathon Relaunch successfully sent to lothar.hoelbling@gmail.com
[ ID 21] Message Transcribathon Relaunch successfully sent to thomas@bbaw.de
[ ID 21] Message Transcribathon Relaunch successfully sent to ryanmarlow69@dust.islaby.com
[ ID 21] Message Transcribathon Relaunch successfully sent to ad.polle@kb.nl
[ ID 21] Message Transcribathon Relaunch successfully sent to helena.eva.lovegrove@gmail.com
[ ID 21] Message Transcribathon Relaunch successfully sent to ditty100@gmail.com
[ ID 21] Message Transcribathon Relaunch successfully sent to emackiewicz@bm-lyon.fr
[ ID 21] Message Transcribathon Relaunch successfully sent to jwkooistra@gmail.com
[ ID 21] Message Transcribathon Relaunch successfully sent to beata.bellerova@uniag.sk
[ ID 21] Message Transcribathon Relaunch successfully sent to r-toscano@hotmail.com
[ ID 21] Message Transcribathon Relaunch successfully sent to katrine.latkovska@gmail.com
[ ID 21] Message Transcribathon Relaunch successfully sent to berzina@gmail.com
[ ID 21] Message Transcribathon Relaunch successfully sent to Jakewarren2186@gmail.com
[ ID 21] Message Transcribathon Relaunch successfully sent to reitere.una@gmail.com
[ ID 21] Message Transcribathon Relaunch successfully sent to schreiber@factsandfiles.com
[ ID 21] Message Transcribathon Relaunch successfully sent to evita.rudovica@gmail.com
[ ID 21] Message Transcribathon Relaunch successfully sent to pastkaste1@gmail.com
[ ID 21] Message Transcribathon Relaunch successfully sent to captsolo@gmail.com
[ ID 21] Message Transcribathon Relaunch successfully sent to anastasika4@inbox.lv
[ ID 21] Message Transcribathon Relaunch successfully sent to karina.bandere@lnb.lv
[ ID 21] Message Transcribathon Relaunch successfully sent to ciruleanna@inbox.lv
[ ID 21] Message Transcribathon Relaunch successfully sent to anita.rasmane@lnb.lv
[ ID 21] Message Transcribathon Relaunch successfully sent to elisabeth.freyre@bnf.fr
[ ID 21] Message Transcribathon Relaunch successfully sent to jamesinealing@gmail.com
[ ID 21] Message Transcribathon Relaunch successfully sent to lkomen@beeldengeluid.nl
[ ID 21] Message Transcribathon Relaunch successfully sent to marie-veronique.leroi@culture.gouv.fr
[ ID 21] Message Transcribathon Relaunch successfully sent to barnes1900@hotmail.co.uk
[ ID 21] Message Transcribathon Relaunch successfully sent to s.bartholmei@dnb.de
[ ID 21] Message Transcribathon Relaunch successfully sent to mbrinkerink@beeldengeluid.nl
[ ID 21] Message Transcribathon Relaunch successfully sent to adrian.murphy@europeana.eu
[ ID 21] Message Transcribathon Relaunch successfully sent to nienkevs@gmail.com
[ ID 21] Message Transcribathon Relaunch successfully sent to t.gruszkowski@bn.org.pl
[ ID 21] Message Transcribathon Relaunch successfully sent to vineta.blitsone@inbox.lv
[ ID 21] Message Transcribathon Relaunch successfully sent to Stanca@bjc.ro
[ ID 21] Message Transcribathon Relaunch successfully sent to herlt@ace-film.eu
[ ID 21] Message Transcribathon Relaunch successfully sent to m.hagedorn@smb.spk-berlin.de
[ ID 21] Message Transcribathon Relaunch successfully sent to lars.rogstad@kulturrad.no
[ ID 21] Message Transcribathon Relaunch successfully sent to ewolda@beeldengeluid.nl
[ ID 21] Message Transcribathon Relaunch successfully sent to tkli@post.cz
[ ID 21] Message Transcribathon Relaunch successfully sent to steven@euroclio.eu
[ ID 21] Message Transcribathon Relaunch successfully sent to mf@bibliomus.com
[ ID 21] Message Transcribathon Relaunch successfully sent to docs01@iktoresk.info
[ ID 21] Message Transcribathon Relaunch successfully sent to uzarins@gmail.com
[ ID 21] Message Transcribathon Relaunch successfully sent to fvhagel@gmail.com
[ ID 21] Message Transcribathon Relaunch successfully sent to Debbie.cameron@alandeb.org.uk
[ ID 21] Message Transcribathon Relaunch successfully sent to david.baker.3@city.ac.uk
[ ID 21] Message Transcribathon Relaunch successfully sent to iosubsystems.tm@gmail.com
[ ID 21] Message Transcribathon Relaunch successfully sent to drepanurgos@gmx.de
[ ID 21] Message Transcribathon Relaunch successfully sent to olimpia.curta@bcucluj.ro
[ ID 21] Message Transcribathon Relaunch successfully sent to os_amor@gmx.net
[ ID 21] Message Transcribathon Relaunch successfully sent to simon.roetsch@hotmail.de
[ ID 21] Message Transcribathon Relaunch successfully sent to monica_lestari@yahoo.com
[ ID 21] Message Transcribathon Relaunch successfully sent to Pippamci@me.com
[ ID 21] Message Transcribathon Relaunch successfully sent to cdnsue@shaw.ca
[ ID 21] Message Transcribathon Relaunch successfully sent to transcribathon.com@thorsten-alge.de
[ ID 21] Message Transcribathon Relaunch successfully sent to ritapetrelli@gmail.com
[ ID 21] Message Transcribathon Relaunch successfully sent to ita2fra@hotmail.fr
[ ID 21] Message Transcribathon Relaunch successfully sent to theresasuski@googlemail.com
[ ID 21] Message Transcribathon Relaunch successfully sent to tjmarchivist@gmail.com
[ ID 21] Message Transcribathon Relaunch successfully sent to knowles.tamara@gmail.com
[ ID 21] Message Transcribathon Relaunch successfully sent to antjeahrens@gmx.de
[ ID 21] Message Transcribathon Relaunch successfully sent to jvpheymann@gmail.com
[ ID 21] Message Transcribathon Relaunch successfully sent to alyssaspoonts15@gmail.com
[ ID 21] Message Transcribathon Relaunch successfully sent to felixkoch@posteo.de
[ ID 21] Message Transcribathon Relaunch successfully sent to a.n.bracher@gmail.com
[ ID 21] Message Transcribathon Relaunch successfully sent to sdk95teipelke@live.de

********************     25 February 2020 11:08     ********************
AcyMailing Triggered at 25 February 2020 12:07
70 messages processed: 70 successful, 0 failed
---- Details ----
[ ID 21] Message Transcribathon Relaunch successfully sent to raubolivia@gmail.com
[ ID 21] Message Transcribathon Relaunch successfully sent to mathsabypro@gmail.com
[ ID 21] Message Transcribathon Relaunch successfully sent to knowles.jim@gmail.com
[ ID 21] Message Transcribathon Relaunch successfully sent to a.baldini@piktoresk.de
[ ID 21] Message Transcribathon Relaunch successfully sent to stefania.biron@gmail.com
[ ID 21] Message Transcribathon Relaunch successfully sent to ruthd500@gmail.com
[ ID 21] Message Transcribathon Relaunch successfully sent to caoadde@gmail.com
[ ID 21] Message Transcribathon Relaunch successfully sent to mastan_irina@hotmail.com
[ ID 21] Message Transcribathon Relaunch successfully sent to paulskinner@supanet.com
[ ID 21] Message Transcribathon Relaunch successfully sent to a.longthorne@hotmail.com
[ ID 21] Message Transcribathon Relaunch successfully sent to ahg710@hotmail.com
[ ID 21] Message Transcribathon Relaunch successfully sent to produktion@piktoresk.de
[ ID 21] Message Transcribathon Relaunch successfully sent to nadia.hebaz@e-nautia.com
[ ID 21] Message Transcribathon Relaunch successfully sent to fryhob@hotmail.com
[ ID 21] Message Transcribathon Relaunch successfully sent to wolfgang.dekeyser@gmail.com
[ ID 21] Message Transcribathon Relaunch successfully sent to arminehaghayan@gmail.com
[ ID 21] Message Transcribathon Relaunch successfully sent to hoelle.dolet@cfwb.be
[ ID 21] Message Transcribathon Relaunch successfully sent to karin.glasemann@nationalmuseum.se
[ ID 21] Message Transcribathon Relaunch successfully sent to esther.desmet1979@gmail.com
[ ID 21] Message Transcribathon Relaunch successfully sent to natalie.tysh@gmail.com
[ ID 21] Message Transcribathon Relaunch successfully sent to hjplantinga@gmail.com
[ ID 21] Message Transcribathon Relaunch successfully sent to chiara.deleo@gmail.com
[ ID 21] Message Transcribathon Relaunch successfully sent to ilona.scherm@phil.tu-chemnitz.de
[ ID 21] Message Transcribathon Relaunch successfully sent to jbolmarcich@gmail.com
[ ID 21] Message Transcribathon Relaunch successfully sent to vas@gmail.com
[ ID 21] Message Transcribathon Relaunch successfully sent to valerie.janae.enriquez@gmail.com
[ ID 21] Message Transcribathon Relaunch successfully sent to di.trandafir@yahoo.com
[ ID 21] Message Transcribathon Relaunch successfully sent to stamkou@free.fr
[ ID 21] Message Transcribathon Relaunch successfully sent to Tanjageis@gmail.com
[ ID 21] Message Transcribathon Relaunch successfully sent to ilhan.ibram@gmail.com
[ ID 21] Message Transcribathon Relaunch successfully sent to sscheidem@gmail.com
[ ID 21] Message Transcribathon Relaunch successfully sent to nemooo@gmx.net
[ ID 21] Message Transcribathon Relaunch successfully sent to bettina.neumann501@gmail.com
[ ID 21] Message Transcribathon Relaunch successfully sent to mirela.pavkvovic@gmx.at
[ ID 21] Message Transcribathon Relaunch successfully sent to duticray@gmail.com
[ ID 21] Message Transcribathon Relaunch successfully sent to iris.spatschil@gmail.com
[ ID 21] Message Transcribathon Relaunch successfully sent to laurine.moreau@gmail.com
[ ID 21] Message Transcribathon Relaunch successfully sent to ikoframe@gmail.com
[ ID 21] Message Transcribathon Relaunch successfully sent to stephaniesapienza@gmail.com
[ ID 21] Message Transcribathon Relaunch successfully sent to marianne.singer@gmx.net
[ ID 21] Message Transcribathon Relaunch successfully sent to eva.grundschober@gmx.at
[ ID 21] Message Transcribathon Relaunch successfully sent to polyhistor@gmx.at
[ ID 21] Message Transcribathon Relaunch successfully sent to eringordonphotography@gmail.com
[ ID 21] Message Transcribathon Relaunch successfully sent to narnia976@gmail.com
[ ID 21] Message Transcribathon Relaunch successfully sent to M.klamminger@gmx.at
[ ID 21] Message Transcribathon Relaunch successfully sent to sabine.till@live.com
[ ID 21] Message Transcribathon Relaunch successfully sent to oh_dragonlady@yahoo.com
[ ID 21] Message Transcribathon Relaunch successfully sent to edith.koessl@outlook.com
[ ID 21] Message Transcribathon Relaunch successfully sent to barbarakneidinger@gmx.net
[ ID 21] Message Transcribathon Relaunch successfully sent to catherine.conisbee@waddesdon.org.uk
[ ID 21] Message Transcribathon Relaunch successfully sent to jlmlumpi@gmail.com
[ ID 21] Message Transcribathon Relaunch successfully sent to irene.friedl@gmx.net
[ ID 21] Message Transcribathon Relaunch successfully sent to Maria.buergermeister@gmx.at
[ ID 21] Message Transcribathon Relaunch successfully sent to patricia.raggam@gmx.net
[ ID 21] Message Transcribathon Relaunch successfully sent to maria.iaria_2014@libero.it
[ ID 21] Message Transcribathon Relaunch successfully sent to boris.bruntzer@gmail.com
[ ID 21] Message Transcribathon Relaunch successfully sent to topic_k@yahoo.de
[ ID 21] Message Transcribathon Relaunch successfully sent to lotte@partyservice-catering.at
[ ID 21] Message Transcribathon Relaunch successfully sent to p.roessl@gmx.at
[ ID 21] Message Transcribathon Relaunch successfully sent to scoldwel@outlook.com
[ ID 21] Message Transcribathon Relaunch successfully sent to margaridapmca@gmail.com
[ ID 21] Message Transcribathon Relaunch successfully sent to kelan.koning@gmail.com
[ ID 21] Message Transcribathon Relaunch successfully sent to Nrenau1@gmail.com
[ ID 21] Message Transcribathon Relaunch successfully sent to marasveil@gmail.com
[ ID 21] Message Transcribathon Relaunch successfully sent to jbarski88@gmail.com
[ ID 21] Message Transcribathon Relaunch successfully sent to nuee_ardent@hotmail.com
[ ID 21] Message Transcribathon Relaunch successfully sent to rennhofer.julia@gmail.com
[ ID 21] Message Transcribathon Relaunch successfully sent to jasmin.url@gmx.at
[ ID 21] Message Transcribathon Relaunch successfully sent to meli_metz@yahoo.de
[ ID 21] Message Transcribathon Relaunch successfully sent to bruelswerner@hotmail.com

********************     25 February 2020 11:23     ********************
AcyMailing Triggered at 25 February 2020 12:22
70 messages processed: 70 successful, 0 failed
---- Details ----
[ ID 21] Message Transcribathon Relaunch successfully sent to albealby@gmail.com
[ ID 21] Message Transcribathon Relaunch successfully sent to c.schoberegger@gmx.at
[ ID 21] Message Transcribathon Relaunch successfully sent to hmannel@hotmail.com
[ ID 21] Message Transcribathon Relaunch successfully sent to alex.sieck@gmx.net
[ ID 21] Message Transcribathon Relaunch successfully sent to therealmarv@gmail.com
[ ID 21] Message Transcribathon Relaunch successfully sent to hlitsi@yahoo.gr
[ ID 21] Message Transcribathon Relaunch successfully sent to s.badergruber@gmail.com
[ ID 21] Message Transcribathon Relaunch successfully sent to ianhoughton61@hotmail.com
[ ID 21] Message Transcribathon Relaunch successfully sent to leonieschwab@aol.de
[ ID 21] Message Transcribathon Relaunch successfully sent to talktoingrid@gmail.com
[ ID 21] Message Transcribathon Relaunch successfully sent to Lesleykwilson@msn.com
[ ID 21] Message Transcribathon Relaunch successfully sent to mandokib@gmail.com
[ ID 21] Message Transcribathon Relaunch successfully sent to virginie.delfosse-reese@laposte.net
[ ID 21] Message Transcribathon Relaunch successfully sent to risa.barisch@gmail.com
[ ID 21] Message Transcribathon Relaunch successfully sent to lacky1@gmx.li
[ ID 21] Message Transcribathon Relaunch successfully sent to rays4all@gmail.com
[ ID 21] Message Transcribathon Relaunch successfully sent to cdacus@gmail.com
[ ID 21] Message Transcribathon Relaunch successfully sent to swerbe45@gmail.com
[ ID 21] Message Transcribathon Relaunch successfully sent to zelle.vs@gmail.com
[ ID 21] Message Transcribathon Relaunch successfully sent to karingahr@gmx.at
[ ID 21] Message Transcribathon Relaunch successfully sent to hafner_martina@gmx.at
[ ID 21] Message Transcribathon Relaunch successfully sent to rosette.vandenbroucke@gmail.com
[ ID 21] Message Transcribathon Relaunch successfully sent to goeller.tim@googlemail.com
[ ID 21] Message Transcribathon Relaunch successfully sent to jillcoreyhawkins@gmail.com
[ ID 21] Message Transcribathon Relaunch successfully sent to jlkniess@gmail.com
[ ID 21] Message Transcribathon Relaunch successfully sent to ogaudeamusigitur@gmail.com
[ ID 21] Message Transcribathon Relaunch successfully sent to mtombes@verizon.net
[ ID 21] Message Transcribathon Relaunch successfully sent to bethany.b.tabor@gmail.com
[ ID 21] Message Transcribathon Relaunch successfully sent to mingshi.ch@gmail.com
[ ID 21] Message Transcribathon Relaunch successfully sent to christianemorgenstern@online.de
[ ID 21] Message Transcribathon Relaunch successfully sent to claire.oxlade@btinternet.com
[ ID 21] Message Transcribathon Relaunch successfully sent to odette.mirabel@gmail.com
[ ID 21] Message Transcribathon Relaunch successfully sent to kristinawald@web.de
[ ID 21] Message Transcribathon Relaunch successfully sent to ereed2@sheffield.ac.uk
[ ID 21] Message Transcribathon Relaunch successfully sent to weaverandrea@frontier.com
[ ID 21] Message Transcribathon Relaunch successfully sent to Shelleydsmith84@gmail.com
[ ID 21] Message Transcribathon Relaunch successfully sent to jess.mullen@gmail.com
[ ID 21] Message Transcribathon Relaunch successfully sent to leisha@gmail.com
[ ID 21] Message Transcribathon Relaunch successfully sent to Sarah.stancs@gmail.com
[ ID 21] Message Transcribathon Relaunch successfully sent to gretchens@pt.lu
[ ID 21] Message Transcribathon Relaunch successfully sent to ane237@hotmail.com
[ ID 21] Message Transcribathon Relaunch successfully sent to chr99th@hotmail.com
[ ID 21] Message Transcribathon Relaunch successfully sent to ro-rasper@t-online.de
[ ID 21] Message Transcribathon Relaunch successfully sent to carcab@orange.fr
[ ID 21] Message Transcribathon Relaunch successfully sent to jessicavdhurk@hotmail.com
[ ID 21] Message Transcribathon Relaunch successfully sent to svkrebs@gmx.de
[ ID 21] Message Transcribathon Relaunch successfully sent to nika.jurov@gmail.com
[ ID 21] Message Transcribathon Relaunch successfully sent to cate_avspencer@hotmail.co.uk
[ ID 21] Message Transcribathon Relaunch successfully sent to helen.chavez@aberdeenshire.gov.uk
[ ID 21] Message Transcribathon Relaunch successfully sent to rosa.schellnast@gmx.at
[ ID 21] Message Transcribathon Relaunch successfully sent to ruthlockley@blueyonder.co.uk
[ ID 21] Message Transcribathon Relaunch successfully sent to Katiechilds@gmail.com
[ ID 21] Message Transcribathon Relaunch successfully sent to isabella.kollmann@gmx.at
[ ID 21] Message Transcribathon Relaunch successfully sent to karenshaw99@gmail.com
[ ID 21] Message Transcribathon Relaunch successfully sent to renzosavage@btinternet.com
[ ID 21] Message Transcribathon Relaunch successfully sent to faroer@freenet.de
[ ID 21] Message Transcribathon Relaunch successfully sent to lara.doeding@web.de
[ ID 21] Message Transcribathon Relaunch successfully sent to rachel.t.sullivan@gmail.com
[ ID 21] Message Transcribathon Relaunch successfully sent to hopkinsrachelm@gmail.com
[ ID 21] Message Transcribathon Relaunch successfully sent to rosat2797@gmail.com
[ ID 21] Message Transcribathon Relaunch successfully sent to bunit1@yahoo.com
[ ID 21] Message Transcribathon Relaunch successfully sent to sineadmphelan@gmail.com
[ ID 21] Message Transcribathon Relaunch successfully sent to erich.steinboeck@gmail.com
[ ID 21] Message Transcribathon Relaunch successfully sent to elliepaton@hotmail.co.uk
[ ID 21] Message Transcribathon Relaunch successfully sent to z.richards1990@googlemail.com
[ ID 21] Message Transcribathon Relaunch successfully sent to xine.verdier@free.fr
[ ID 21] Message Transcribathon Relaunch successfully sent to pawlicsw@gmail.com
[ ID 21] Message Transcribathon Relaunch successfully sent to ski.taylor@me.com
[ ID 21] Message Transcribathon Relaunch successfully sent to amq712@yahoo.com
[ ID 21] Message Transcribathon Relaunch successfully sent to sebastian.weiss@antec-kabel.de

********************     25 February 2020 11:38     ********************
AcyMailing Triggered at 25 February 2020 12:37
70 messages processed: 70 successful, 0 failed
---- Details ----
[ ID 21] Message Transcribathon Relaunch successfully sent to Rhchevy5@aol.com
[ ID 21] Message Transcribathon Relaunch successfully sent to clemens.neudecker@gmail.com
[ ID 21] Message Transcribathon Relaunch successfully sent to josefine.kramer@uni-wuppertal.de
[ ID 21] Message Transcribathon Relaunch successfully sent to wfe.busse@gmail.com
[ ID 21] Message Transcribathon Relaunch successfully sent to dianamanzato@gmail.com
[ ID 21] Message Transcribathon Relaunch successfully sent to paul_bosman@versatel.nl
[ ID 21] Message Transcribathon Relaunch successfully sent to kimludwig@aol.com
[ ID 21] Message Transcribathon Relaunch successfully sent to sjaakfonville@filternet.nl
[ ID 21] Message Transcribathon Relaunch successfully sent to Jay.Sames@gmail.com
[ ID 21] Message Transcribathon Relaunch successfully sent to leecatton@yahoo.co.uk
[ ID 21] Message Transcribathon Relaunch successfully sent to ladyhawkfreya@yahoo.com
[ ID 21] Message Transcribathon Relaunch successfully sent to max.schadow@gmail.com
[ ID 21] Message Transcribathon Relaunch successfully sent to guenter.hackl@uibk.ac.at
[ ID 21] Message Transcribathon Relaunch successfully sent to tobias.hodel@uzh.ch
[ ID 21] Message Transcribathon Relaunch successfully sent to Hello@suzannaknight.net
[ ID 21] Message Transcribathon Relaunch successfully sent to gerbrinker@gmail.com
[ ID 21] Message Transcribathon Relaunch successfully sent to artfuldodger991@gmail.com
[ ID 21] Message Transcribathon Relaunch successfully sent to d.doodeman@gmail.com
[ ID 21] Message Transcribathon Relaunch successfully sent to j.burggraefe@uni-wuppertal.de
[ ID 21] Message Transcribathon Relaunch successfully sent to j.leuck@gmail.com
[ ID 21] Message Transcribathon Relaunch successfully sent to sbeuzenberg@gmail.com
[ ID 21] Message Transcribathon Relaunch successfully sent to w.official@posteo.de
[ ID 21] Message Transcribathon Relaunch successfully sent to goldelse1@googlemail.com
[ ID 21] Message Transcribathon Relaunch successfully sent to foraminifera@gmail.com
[ ID 21] Message Transcribathon Relaunch successfully sent to foraminiferae@gmail.com
[ ID 21] Message Transcribathon Relaunch successfully sent to nxcelay07e@dispostable.com
[ ID 21] Message Transcribathon Relaunch successfully sent to i.am.the.walrus@comcast.net
[ ID 21] Message Transcribathon Relaunch successfully sent to x.hatzenbiller@hotmail.com
[ ID 21] Message Transcribathon Relaunch successfully sent to tom.koltermann@gmx.de
[ ID 21] Message Transcribathon Relaunch successfully sent to cajavanderpoel@gmail.com
[ ID 21] Message Transcribathon Relaunch successfully sent to cori_badillo@yahoo.com
[ ID 21] Message Transcribathon Relaunch successfully sent to ulrich.rummel@uni-wuppertal.de
[ ID 21] Message Transcribathon Relaunch successfully sent to Sara_Tegge@gmx.de
[ ID 21] Message Transcribathon Relaunch successfully sent to jan.goldacker@gmx.de
[ ID 21] Message Transcribathon Relaunch successfully sent to michaelgose@hotmail.com
[ ID 21] Message Transcribathon Relaunch successfully sent to aerothoughts@gmail.com
[ ID 21] Message Transcribathon Relaunch successfully sent to jannisgirgsdies@googlemail.com
[ ID 21] Message Transcribathon Relaunch successfully sent to jorid@wikimedia.no
[ ID 21] Message Transcribathon Relaunch successfully sent to dominik.dreiner@gmail.com
[ ID 21] Message Transcribathon Relaunch successfully sent to nodeland@kindemco.no
[ ID 21] Message Transcribathon Relaunch successfully sent to sabineronsen@gmail.com
[ ID 21] Message Transcribathon Relaunch successfully sent to Ellen.Wiger@nb.no
[ ID 21] Message Transcribathon Relaunch successfully sent to danmichaelo@gmail.com
[ ID 21] Message Transcribathon Relaunch successfully sent to haros.at.wikipedia@gmail.com
[ ID 21] Message Transcribathon Relaunch successfully sent to deascorp@gmail.com
[ ID 21] Message Transcribathon Relaunch successfully sent to serge.noiret@eui.eu
[ ID 21] Message Transcribathon Relaunch successfully sent to hans-joerg.lieder@sbb.spk-berlin.de
[ ID 21] Message Transcribathon Relaunch successfully sent to Chris.adapaun@gmail.com
[ ID 21] Message Transcribathon Relaunch successfully sent to ij.langsdorf@t-online.de
[ ID 21] Message Transcribathon Relaunch successfully sent to leonie.bartel@gmx.de
[ ID 21] Message Transcribathon Relaunch successfully sent to lpb20@kent.ac.uk
[ ID 21] Message Transcribathon Relaunch successfully sent to knab@kb.dk
[ ID 21] Message Transcribathon Relaunch successfully sent to barbara.denicolo@uibk.ac.at
[ ID 21] Message Transcribathon Relaunch successfully sent to natalie.j.maier@gmail.com
[ ID 21] Message Transcribathon Relaunch successfully sent to zelaku@dnsdeer.com
[ ID 21] Message Transcribathon Relaunch successfully sent to sami-rustom@hotmail.com
[ ID 21] Message Transcribathon Relaunch successfully sent to fabianvendrig@gmail.com
[ ID 21] Message Transcribathon Relaunch successfully sent to clararoepke@gmx.de
[ ID 21] Message Transcribathon Relaunch successfully sent to em.grabow@web.de
[ ID 21] Message Transcribathon Relaunch successfully sent to BGudeOR@aol.com
[ ID 21] Message Transcribathon Relaunch successfully sent to s-baran@gmx.de
[ ID 21] Message Transcribathon Relaunch successfully sent to m.kenn@gmx.de
[ ID 21] Message Transcribathon Relaunch successfully sent to peter.kirmsse@gmx.net
[ ID 21] Message Transcribathon Relaunch successfully sent to A.Stoffels@xs4all.nl
[ ID 21] Message Transcribathon Relaunch successfully sent to nicole.grote@hotmail.de
[ ID 21] Message Transcribathon Relaunch successfully sent to ANiesel@gmx.de
[ ID 21] Message Transcribathon Relaunch successfully sent to florainbrands1000@gmail.com
[ ID 21] Message Transcribathon Relaunch successfully sent to florianbrands1000@gmail.com
[ ID 21] Message Transcribathon Relaunch successfully sent to swanhilda@gmail.com
[ ID 21] Message Transcribathon Relaunch successfully sent to marija@weste.info

********************     25 February 2020 11:53     ********************
AcyMailing Triggered at 25 February 2020 12:52
70 messages processed: 70 successful, 0 failed
---- Details ----
[ ID 21] Message Transcribathon Relaunch successfully sent to kerstingose@gmx.de
[ ID 21] Message Transcribathon Relaunch successfully sent to dario.manzotti@gmail.com
[ ID 21] Message Transcribathon Relaunch successfully sent to orlanerouanet@yahoo.fr
[ ID 21] Message Transcribathon Relaunch successfully sent to aubree.francois@gmail.com
[ ID 21] Message Transcribathon Relaunch successfully sent to raffaellabiscioni@gmail.com
[ ID 21] Message Transcribathon Relaunch successfully sent to julia_eichhorst@yahoo.de
[ ID 21] Message Transcribathon Relaunch successfully sent to carolborrazas@gmail.com
[ ID 21] Message Transcribathon Relaunch successfully sent to daravenh@shaw.ca
[ ID 21] Message Transcribathon Relaunch successfully sent to anoack93@gmx.de
[ ID 21] Message Transcribathon Relaunch successfully sent to sonja.dolinsek@uni-erfurt.de
[ ID 21] Message Transcribathon Relaunch successfully sent to omarfirdaus43@gmail.com
[ ID 21] Message Transcribathon Relaunch successfully sent to erikabroschek@gmail.com
[ ID 21] Message Transcribathon Relaunch successfully sent to taralexandra@gmail.com
[ ID 21] Message Transcribathon Relaunch successfully sent to m.paviour-smith@massey.ac.nz
[ ID 21] Message Transcribathon Relaunch successfully sent to Ute.Frackowiak-Weiss@gmx.de
[ ID 21] Message Transcribathon Relaunch successfully sent to dr.bernd.wimmer@t-online.de
[ ID 21] Message Transcribathon Relaunch successfully sent to gi.sipala@gmail.com
[ ID 21] Message Transcribathon Relaunch successfully sent to irenedonatoni@libero.it
[ ID 21] Message Transcribathon Relaunch successfully sent to info@kaiopai.de
[ ID 21] Message Transcribathon Relaunch successfully sent to juliette_roussel@yahoo.fr
[ ID 21] Message Transcribathon Relaunch successfully sent to sahana_angel91@hotmail.com
[ ID 21] Message Transcribathon Relaunch successfully sent to jonasmeurer@gmx.de
[ ID 21] Message Transcribathon Relaunch successfully sent to G.f.kinkhorst@xs4all.nl
[ ID 21] Message Transcribathon Relaunch successfully sent to seiter.anzengruber@utanet.at
[ ID 21] Message Transcribathon Relaunch successfully sent to helmut.bast@gmx.at
[ ID 21] Message Transcribathon Relaunch successfully sent to neuwirth.georg@gmail.com
[ ID 21] Message Transcribathon Relaunch successfully sent to christoph.alten@ikus.cc
[ ID 21] Message Transcribathon Relaunch successfully sent to n_iannarone@yahoo.com
[ ID 21] Message Transcribathon Relaunch successfully sent to mksplg@gmail.com
[ ID 21] Message Transcribathon Relaunch successfully sent to christoph.krainer@gmail.com
[ ID 21] Message Transcribathon Relaunch successfully sent to verbindlichstendank@gmx.at
[ ID 21] Message Transcribathon Relaunch successfully sent to corentenig@gmail.com
[ ID 21] Message Transcribathon Relaunch successfully sent to Lasik@libero.it
[ ID 21] Message Transcribathon Relaunch successfully sent to thomas.pryhoda@gmx.at
[ ID 21] Message Transcribathon Relaunch successfully sent to transcribathon@steinpfeffer.de
[ ID 21] Message Transcribathon Relaunch successfully sent to k.tutschek@gmail.com
[ ID 21] Message Transcribathon Relaunch successfully sent to delia.enqvist@bohuslansmuseum.se
[ ID 21] Message Transcribathon Relaunch successfully sent to clemens.ableidinger@gmx.at
[ ID 21] Message Transcribathon Relaunch successfully sent to jhsoby@wikimedia.no
[ ID 21] Message Transcribathon Relaunch successfully sent to d.abendstein@tsn.at
[ ID 21] Message Transcribathon Relaunch successfully sent to maxvonw22@gmail.com
[ ID 21] Message Transcribathon Relaunch successfully sent to jv41@hunter.cuny.edu
[ ID 21] Message Transcribathon Relaunch successfully sent to doerners@hu-berlin.de
[ ID 21] Message Transcribathon Relaunch successfully sent to pc@sicinska.info
[ ID 21] Message Transcribathon Relaunch successfully sent to annabltrm@gmail.com
[ ID 21] Message Transcribathon Relaunch successfully sent to regisburnet@gmail.com
[ ID 21] Message Transcribathon Relaunch successfully sent to danaistathi@rocketmail.com
[ ID 21] Message Transcribathon Relaunch successfully sent to jmcintyre@historyassociates.com
[ ID 21] Message Transcribathon Relaunch successfully sent to bouchet.nicolas.bn@orange.fr
[ ID 21] Message Transcribathon Relaunch successfully sent to llarrian@gmail.com
[ ID 21] Message Transcribathon Relaunch successfully sent to josef.schopf@gmx.net
[ ID 21] Message Transcribathon Relaunch successfully sent to anihatzis@gmail.com
[ ID 21] Message Transcribathon Relaunch successfully sent to tymes.lisa@gmail.com
[ ID 21] Message Transcribathon Relaunch successfully sent to jasmingrakoui@yahoo.es
[ ID 21] Message Transcribathon Relaunch successfully sent to assiram1@web.de
[ ID 21] Message Transcribathon Relaunch successfully sent to sdtuerkaslan@gmail.com
[ ID 21] Message Transcribathon Relaunch successfully sent to milena.parotti@gmail.com
[ ID 21] Message Transcribathon Relaunch successfully sent to scysys@outlook.com
[ ID 21] Message Transcribathon Relaunch successfully sent to karolina-lisek@wp.pl
[ ID 21] Message Transcribathon Relaunch successfully sent to luladong@yahoo.de
[ ID 21] Message Transcribathon Relaunch successfully sent to ilaria.borelli@hotmail.it
[ ID 21] Message Transcribathon Relaunch successfully sent to lenhard.lotte@gmail.com
[ ID 21] Message Transcribathon Relaunch successfully sent to mail@leones.de
[ ID 21] Message Transcribathon Relaunch successfully sent to sophie.hubbe@gmx.de
[ ID 21] Message Transcribathon Relaunch successfully sent to sbonn@sbonn.de
[ ID 21] Message Transcribathon Relaunch successfully sent to jana_eschbach@web.de
[ ID 21] Message Transcribathon Relaunch successfully sent to majodu98@gmail.com
[ ID 21] Message Transcribathon Relaunch successfully sent to lecker@schokodil.com
[ ID 21] Message Transcribathon Relaunch successfully sent to jennifer.koch@lieblingsohr.de
[ ID 21] Message Transcribathon Relaunch successfully sent to andrea.wismath@gmx.de

********************     25 February 2020 12:08     ********************
AcyMailing Triggered at 25 February 2020 13:07
70 messages processed: 70 successful, 0 failed
---- Details ----
[ ID 21] Message Transcribathon Relaunch successfully sent to kathi.prechtl@gmail.com
[ ID 21] Message Transcribathon Relaunch successfully sent to simone.herpich@gmail.com
[ ID 21] Message Transcribathon Relaunch successfully sent to franziskamaier0@gmail.com
[ ID 21] Message Transcribathon Relaunch successfully sent to katjonok@gmx.net
[ ID 21] Message Transcribathon Relaunch successfully sent to luluwelle@web.de
[ ID 21] Message Transcribathon Relaunch successfully sent to Jochentschlotterbeck@gmail.com
[ ID 21] Message Transcribathon Relaunch successfully sent to a.kohlschein@gmx.de
[ ID 21] Message Transcribathon Relaunch successfully sent to Lucas.2712.ls@gmail.com
[ ID 21] Message Transcribathon Relaunch successfully sent to S-weigandt@t-online.de
[ ID 21] Message Transcribathon Relaunch successfully sent to alexander.classen@posteo.de
[ ID 21] Message Transcribathon Relaunch successfully sent to miriam.bartsch@web.de
[ ID 21] Message Transcribathon Relaunch successfully sent to waack.jojo@gmail.com
[ ID 21] Message Transcribathon Relaunch successfully sent to ella.seipold@web.de
[ ID 21] Message Transcribathon Relaunch successfully sent to cookiesvonsickingen@web.de
[ ID 21] Message Transcribathon Relaunch successfully sent to a_pilhofer@gmx.de
[ ID 21] Message Transcribathon Relaunch successfully sent to Annadifliff@gmail.com
[ ID 21] Message Transcribathon Relaunch successfully sent to mvanleuck@web.de
[ ID 21] Message Transcribathon Relaunch successfully sent to Alex-hotze@live.de
[ ID 21] Message Transcribathon Relaunch successfully sent to birdybiemann@aol.com
[ ID 21] Message Transcribathon Relaunch successfully sent to c-kleinfelder@web.de
[ ID 21] Message Transcribathon Relaunch successfully sent to felix.schmitt2@gmx.net
[ ID 21] Message Transcribathon Relaunch successfully sent to andreas-hansen_95@web.de
[ ID 21] Message Transcribathon Relaunch successfully sent to silvermic@hotmail.com
[ ID 21] Message Transcribathon Relaunch successfully sent to Berit.reimann@web.de
[ ID 21] Message Transcribathon Relaunch successfully sent to dorothee.moeller@gmail.com
[ ID 21] Message Transcribathon Relaunch successfully sent to valmire-christin.buqaj@gmx.de
[ ID 21] Message Transcribathon Relaunch successfully sent to jufee@rocketmail.com
[ ID 21] Message Transcribathon Relaunch successfully sent to Erb.clara@gmail.com
[ ID 21] Message Transcribathon Relaunch successfully sent to anne.schoenthier@gmx.net
[ ID 21] Message Transcribathon Relaunch successfully sent to davidscholl@gmx.de
[ ID 21] Message Transcribathon Relaunch successfully sent to Stefan.Seidel.MAIL@gmail.com
[ ID 21] Message Transcribathon Relaunch successfully sent to clemens_nitschke@t-online.de
[ ID 21] Message Transcribathon Relaunch successfully sent to gregorywagner97@gmail.com
[ ID 21] Message Transcribathon Relaunch successfully sent to l.baumert@web.de
[ ID 21] Message Transcribathon Relaunch successfully sent to melanie.badura@yahoo.de
[ ID 21] Message Transcribathon Relaunch successfully sent to kathrin.reyans@yahoo.de
[ ID 21] Message Transcribathon Relaunch successfully sent to bilbo129@googlemail.com
[ ID 21] Message Transcribathon Relaunch successfully sent to yankru99@gmail.com
[ ID 21] Message Transcribathon Relaunch successfully sent to Philipphaben@hotmail.com
[ ID 21] Message Transcribathon Relaunch successfully sent to Schnaeggemueller@yahoo.de
[ ID 21] Message Transcribathon Relaunch successfully sent to michael.rapp@mail.de
[ ID 21] Message Transcribathon Relaunch successfully sent to tschuhmaier@googlemail.com
[ ID 21] Message Transcribathon Relaunch successfully sent to fielonvi@web.de
[ ID 21] Message Transcribathon Relaunch successfully sent to InesHamann@gmx.de
[ ID 21] Message Transcribathon Relaunch successfully sent to Florianfroehlich1985@gmail.com
[ ID 21] Message Transcribathon Relaunch successfully sent to Theresa.cuba@web.de
[ ID 21] Message Transcribathon Relaunch successfully sent to queeklin@web.de
[ ID 21] Message Transcribathon Relaunch successfully sent to joh.weigel@t-online.de
[ ID 21] Message Transcribathon Relaunch successfully sent to karlaschulz10@gmail.com
[ ID 21] Message Transcribathon Relaunch successfully sent to tina.emmerich@gmail.com
[ ID 21] Message Transcribathon Relaunch successfully sent to nico.poethke.ber@gmail.com
[ ID 21] Message Transcribathon Relaunch successfully sent to julheleni@gmail.com
[ ID 21] Message Transcribathon Relaunch successfully sent to dugotzinger@hotmail.com
[ ID 21] Message Transcribathon Relaunch successfully sent to danuta@gmail.com
[ ID 21] Message Transcribathon Relaunch successfully sent to reneweinhold@gmail.com
[ ID 21] Message Transcribathon Relaunch successfully sent to yburcutop@gmail.com
[ ID 21] Message Transcribathon Relaunch successfully sent to tom.brandstaetter@gmx.de
[ ID 21] Message Transcribathon Relaunch successfully sent to maximilian.wanner@web.de
[ ID 21] Message Transcribathon Relaunch successfully sent to renate.adolfs@t-online.de
[ ID 21] Message Transcribathon Relaunch successfully sent to nzlip12@gmail.com
[ ID 21] Message Transcribathon Relaunch successfully sent to ciclopole@gmail.com
[ ID 21] Message Transcribathon Relaunch successfully sent to rebecca_b_wagner@yahoo.de
[ ID 21] Message Transcribathon Relaunch successfully sent to mariadairessilvacarmo@gmail.com
[ ID 21] Message Transcribathon Relaunch successfully sent to a.nguyenvt@laposte.net
[ ID 21] Message Transcribathon Relaunch successfully sent to clara.fougerol@bnf.fr
[ ID 21] Message Transcribathon Relaunch successfully sent to mariateresa.natale@gmail.com
[ ID 21] Message Transcribathon Relaunch successfully sent to rok.pucnik@gmail.com
[ ID 21] Message Transcribathon Relaunch successfully sent to bonneau.marie-christine@orange.fr
[ ID 21] Message Transcribathon Relaunch successfully sent to giovannicrea@libero.it
[ ID 21] Message Transcribathon Relaunch successfully sent to gisaury29@gmail.com

********************     25 February 2020 12:23     ********************
AcyMailing Triggered at 25 February 2020 13:22
70 messages processed: 70 successful, 0 failed
---- Details ----
[ ID 21] Message Transcribathon Relaunch successfully sent to lorenzen.julie@gmail.com
[ ID 21] Message Transcribathon Relaunch successfully sent to rivyrichards@hotmail.co.uk
[ ID 21] Message Transcribathon Relaunch successfully sent to sydney.marshall221@gmail.com
[ ID 21] Message Transcribathon Relaunch successfully sent to maltehinrichs@outlook.de
[ ID 21] Message Transcribathon Relaunch successfully sent to p.ariel81@yahoo.es
[ ID 21] Message Transcribathon Relaunch successfully sent to barbara.kennedy@ntlworld.com
[ ID 21] Message Transcribathon Relaunch successfully sent to johnsonrene33@gmail.com
[ ID 21] Message Transcribathon Relaunch successfully sent to x_watt@hotmail.com
[ ID 21] Message Transcribathon Relaunch successfully sent to julia@martius.de
[ ID 21] Message Transcribathon Relaunch successfully sent to melissa.hodza@gmail.com
[ ID 21] Message Transcribathon Relaunch successfully sent to gonzalez.contreras.sara@gmail.com
[ ID 21] Message Transcribathon Relaunch successfully sent to kbjackson@agnesscott.edu
[ ID 21] Message Transcribathon Relaunch successfully sent to bazele1895@gmail.com
[ ID 21] Message Transcribathon Relaunch successfully sent to knowitisreal@gmail.com
[ ID 21] Message Transcribathon Relaunch successfully sent to bjoanathan@gmail.com
[ ID 21] Message Transcribathon Relaunch successfully sent to akaterelou@gmail.com
[ ID 21] Message Transcribathon Relaunch successfully sent to chrissie_b@gmx.de
[ ID 21] Message Transcribathon Relaunch successfully sent to jadkins995@gmail.com
[ ID 21] Message Transcribathon Relaunch successfully sent to hmellors@hotmail.com
[ ID 21] Message Transcribathon Relaunch successfully sent to Jordan.j2@sky.com
[ ID 21] Message Transcribathon Relaunch successfully sent to archergar1@gmail.com
[ ID 21] Message Transcribathon Relaunch successfully sent to mlucas201440@gmail.com
[ ID 21] Message Transcribathon Relaunch successfully sent to diana.kuczynska@gmail.com
[ ID 21] Message Transcribathon Relaunch successfully sent to mugoonline2016@gmail.com
[ ID 21] Message Transcribathon Relaunch successfully sent to kerstin@gingl.co.at
[ ID 21] Message Transcribathon Relaunch successfully sent to Viktor.Wabel@online.de
[ ID 21] Message Transcribathon Relaunch successfully sent to melissa.fiori@orange.fr
[ ID 21] Message Transcribathon Relaunch successfully sent to sarah.kuehnel@uni-erfurt.de
[ ID 21] Message Transcribathon Relaunch successfully sent to preetkaur1561999@gmail.com
[ ID 21] Message Transcribathon Relaunch successfully sent to annamaria.sgangaforero@istruzione.it
[ ID 21] Message Transcribathon Relaunch successfully sent to cyberbase.gaillac@media.ted.fr
[ ID 21] Message Transcribathon Relaunch successfully sent to adulte4.graulhet@media.ted.fr
[ ID 21] Message Transcribathon Relaunch successfully sent to craigduncan44@hotmail.com
[ ID 21] Message Transcribathon Relaunch successfully sent to stefan.roettger@gmx.de
[ ID 21] Message Transcribathon Relaunch successfully sent to jz1000pc@gmail.com
[ ID 21] Message Transcribathon Relaunch successfully sent to adulte.graulhet@media.ted.fr
[ ID 21] Message Transcribathon Relaunch successfully sent to f.albenge@laposte.net
[ ID 21] Message Transcribathon Relaunch successfully sent to jeunesse2.graulhet@media.ted.fr
[ ID 21] Message Transcribathon Relaunch successfully sent to jane_welton@hotmail.com
[ ID 21] Message Transcribathon Relaunch successfully sent to daniel.kelly@education.lu
[ ID 21] Message Transcribathon Relaunch successfully sent to connieruzich@gmail.com
[ ID 21] Message Transcribathon Relaunch successfully sent to vickiconnelly51@gmail.com
[ ID 21] Message Transcribathon Relaunch successfully sent to rm.smolinski@orange.fr
[ ID 21] Message Transcribathon Relaunch successfully sent to amy.shopland.jones@gmail.com
[ ID 21] Message Transcribathon Relaunch successfully sent to kiraguliz@gmail.com
[ ID 21] Message Transcribathon Relaunch successfully sent to akoutra@otenet.gr
[ ID 21] Message Transcribathon Relaunch successfully sent to simosagg@hotmail.it
[ ID 21] Message Transcribathon Relaunch successfully sent to leidel.michaela@t-online.de
[ ID 21] Message Transcribathon Relaunch successfully sent to chepngetuny@gmail.com
[ ID 21] Message Transcribathon Relaunch successfully sent to nickmillsoni@gmail.com
[ ID 21] Message Transcribathon Relaunch successfully sent to mandlamathabela@gmail.com
[ ID 21] Message Transcribathon Relaunch successfully sent to maureenwilkins@ntlworld.com
[ ID 21] Message Transcribathon Relaunch successfully sent to bt739sr34sr@gmail.com
[ ID 21] Message Transcribathon Relaunch successfully sent to merilwen@gmail.com
[ ID 21] Message Transcribathon Relaunch successfully sent to annemariefehlie@yahoo.de
[ ID 21] Message Transcribathon Relaunch successfully sent to lucifluus105r@hotmail.com
[ ID 21] Message Transcribathon Relaunch successfully sent to mareike.lange@kielnet.net
[ ID 21] Message Transcribathon Relaunch successfully sent to psavidou@yahoo.gr
[ ID 21] Message Transcribathon Relaunch successfully sent to launion@posteo.is
[ ID 21] Message Transcribathon Relaunch successfully sent to mariamkvirikadze24@gmail.com
[ ID 21] Message Transcribathon Relaunch successfully sent to technique1.graulhet@media.ted.fr
[ ID 21] Message Transcribathon Relaunch successfully sent to littlenikki@hotmail.de
[ ID 21] Message Transcribathon Relaunch successfully sent to tskibble@gmail.com
[ ID 21] Message Transcribathon Relaunch successfully sent to ptasopoulou@yahoo.gr
[ ID 21] Message Transcribathon Relaunch successfully sent to nadia.lagana@alice.it
[ ID 21] Message Transcribathon Relaunch successfully sent to remybourhis@gmail.com
[ ID 21] Message Transcribathon Relaunch successfully sent to ex.anatolis@hotmail.com
[ ID 21] Message Transcribathon Relaunch successfully sent to andemilie@outlook.com
[ ID 21] Message Transcribathon Relaunch successfully sent to vapier@postscriptum.gr
[ ID 21] Message Transcribathon Relaunch successfully sent to micastan2011@yahoo.com